# JRE version: Java(TM) SE Runtime Environment (8.0_92-b14) (build 1.8.0_92-b14)
# Java VM: Java HotSpot(TM) 64-Bit Server VM (25.92-b14 mixed mode windows-amd64 compressed oops)
Heap:
 PSYoungGen      total 392704K, used 152461K [0x0000000780700000, 0x0000000799680000, 0x00000007c0000000)
  eden space 376320K, 40% used [0x0000000780700000,0x0000000789be37a8,0x0000000797680000)
  from space 16384K, 0% used [0x0000000797680000,0x0000000797680000,0x0000000798680000)
  to   space 16384K, 0% used [0x0000000798680000,0x0000000798680000,0x0000000799680000)
 ParOldGen       total 164864K, used 19696K [0x0000000701400000, 0x000000070b500000, 0x0000000780700000)
  object space 164864K, 11% used [0x0000000701400000,0x000000070273c2c8,0x000000070b500000)
 Metaspace       used 59915K, capacity 64154K, committed 64384K, reserved 1103872K
  class space    used 8267K, capacity 9028K, committed 9088K, reserved 1048576K
GC Heap History (10 events):
Event: 336.661 GC heap before
{Heap before GC invocations=15 (full 4):
 PSYoungGen      total 323072K, used 3993K [0x0000000780700000, 0x0000000799680000, 0x00000007c0000000)
  eden space 306688K, 0% used [0x0000000780700000,0x0000000780700000,0x0000000793280000)
  from space 16384K, 24% used [0x0000000793280000,0x0000000793666540,0x0000000794280000)
  to   space 16384K, 0% used [0x0000000798680000,0x0000000798680000,0x0000000799680000)
 ParOldGen       total 164864K, used 25430K [0x0000000701400000, 0x000000070b500000, 0x0000000780700000)
  object space 164864K, 15% used [0x0000000701400000,0x0000000702cd58b8,0x000000070b500000)
 Metaspace       used 58826K, capacity 62736K, committed 62976K, reserved 1103872K
  class space    used 8155K, capacity 8840K, committed 8960K, reserved 1048576K
Event: 336.958 GC heap after
Heap after GC invocations=15 (full 4):
 PSYoungGen      total 323072K, used 0K [0x0000000780700000, 0x0000000799680000, 0x00000007c0000000)
  eden space 306688K, 0% used [0x0000000780700000,0x0000000780700000,0x0000000793280000)
  from space 16384K, 0% used [0x0000000793280000,0x0000000793280000,0x0000000794280000)
  to   space 16384K, 0% used [0x0000000798680000,0x0000000798680000,0x0000000799680000)
 ParOldGen       total 164864K, used 20910K [0x0000000701400000, 0x000000070b500000, 0x0000000780700000)
  object space 164864K, 12% used [0x0000000701400000,0x000000070286b8f0,0x000000070b500000)
 Metaspace       used 58826K, capacity 62736K, committed 62976K, reserved 1103872K
  class space    used 8155K, capacity 8840K, committed 8960K, reserved 1048576K
}
Event: 353.182 GC heap before
{Heap before GC invocations=16 (full 4):
 PSYoungGen      total 323072K, used 152630K [0x0000000780700000, 0x0000000799680000, 0x00000007c0000000)
  eden space 306688K, 49% used [0x0000000780700000,0x0000000789c0d8a8,0x0000000793280000)
  from space 16384K, 0% used [0x0000000793280000,0x0000000793280000,0x0000000794280000)
  to   space 16384K, 0% used [0x0000000798680000,0x0000000798680000,0x0000000799680000)
 ParOldGen       total 164864K, used 20910K [0x0000000701400000, 0x000000070b500000, 0x0000000780700000)
  object space 164864K, 12% used [0x0000000701400000,0x000000070286b8f0,0x000000070b500000)
 Metaspace       used 59186K, capacity 63220K, committed 63488K, reserved 1103872K
  class space    used 8197K, capacity 8909K, committed 8960K, reserved 1048576K
Event: 353.191 GC heap after
Heap after GC invocations=16 (full 4):
 PSYoungGen      total 392704K, used 4013K [0x0000000780700000, 0x0000000799680000, 0x00000007c0000000)
  eden space 376320K, 0% used [0x0000000780700000,0x0000000780700000,0x0000000797680000)
  from space 16384K, 24% used [0x0000000798680000,0x0000000798a6b748,0x0000000799680000)
  to   space 16384K, 0% used [0x0000000797680000,0x0000000797680000,0x0000000798680000)
 ParOldGen       total 164864K, used 20918K [0x0000000701400000, 0x000000070b500000, 0x0000000780700000)
  object space 164864K, 12% used [0x0000000701400000,0x000000070286d8f0,0x000000070b500000)
 Metaspace       used 59186K, capacity 63220K, committed 63488K, reserved 1103872K
  class space    used 8197K, capacity 8909K, committed 8960K, reserved 1048576K
}
Event: 353.191 GC heap before
{Heap before GC invocations=17 (full 5):
 PSYoungGen      total 392704K, used 4013K [0x0000000780700000, 0x0000000799680000, 0x00000007c0000000)
  eden space 376320K, 0% used [0x0000000780700000,0x0000000780700000,0x0000000797680000)
  from space 16384K, 24% used [0x0000000798680000,0x0000000798a6b748,0x0000000799680000)
  to   space 16384K, 0% used [0x0000000797680000,0x0000000797680000,0x0000000798680000)
 ParOldGen       total 164864K, used 20918K [0x0000000701400000, 0x000000070b500000, 0x0000000780700000)
  object space 164864K, 12% used [0x0000000701400000,0x000000070286d8f0,0x000000070b500000)
 Metaspace       used 59186K, capacity 63220K, committed 63488K, reserved 1103872K
  class space    used 8197K, capacity 8909K, committed 8960K, reserved 1048576K
Event: 353.437 GC heap after
Heap after GC invocations=17 (full 5):
 PSYoungGen      total 392704K, used 0K [0x0000000780700000, 0x0000000799680000, 0x00000007c0000000)
  eden space 376320K, 0% used [0x0000000780700000,0x0000000780700000,0x0000000797680000)
  from space 16384K, 0% used [0x0000000798680000,0x0000000798680000,0x0000000799680000)
  to   space 16384K, 0% used [0x0000000797680000,0x0000000797680000,0x0000000798680000)
 ParOldGen       total 164864K, used 19404K [0x0000000701400000, 0x000000070b500000, 0x0000000780700000)
  object space 164864K, 11% used [0x0000000701400000,0x00000007026f30f0,0x000000070b500000)
 Metaspace       used 59182K, capacity 63214K, committed 63488K, reserved 1103872K
  class space    used 8197K, capacity 8908K, committed 8960K, reserved 1048576K
}
Event: 376.537 GC heap before
{Heap before GC invocations=18 (full 5):
 PSYoungGen      total 392704K, used 153771K [0x0000000780700000, 0x0000000799680000, 0x00000007c0000000)
  eden space 376320K, 40% used [0x0000000780700000,0x0000000789d2ac40,0x0000000797680000)
  from space 16384K, 0% used [0x0000000798680000,0x0000000798680000,0x0000000799680000)
  to   space 16384K, 0% used [0x0000000797680000,0x0000000797680000,0x0000000798680000)
 ParOldGen       total 164864K, used 19404K [0x0000000701400000, 0x000000070b500000, 0x0000000780700000)
  object space 164864K, 11% used [0x0000000701400000,0x00000007026f30f0,0x000000070b500000)
 Metaspace       used 59507K, capacity 63606K, committed 63872K, reserved 1103872K
  class space    used 8225K, capacity 8961K, committed 9088K, reserved 1048576K
Event: 376.546 GC heap after
Heap after GC invocations=18 (full 5):
 PSYoungGen      total 392704K, used 3853K [0x0000000780700000, 0x0000000799680000, 0x00000007c0000000)
  eden space 376320K, 0% used [0x0000000780700000,0x0000000780700000,0x0000000797680000)
  from space 16384K, 23% used [0x0000000797680000,0x0000000797a43748,0x0000000798680000)
  to   space 16384K, 0% used [0x0000000798680000,0x0000000798680000,0x0000000799680000)
 ParOldGen       total 164864K, used 19412K [0x0000000701400000, 0x000000070b500000, 0x0000000780700000)
  object space 164864K, 11% used [0x0000000701400000,0x00000007026f50f0,0x000000070b500000)
 Metaspace       used 59507K, capacity 63606K, committed 63872K, reserved 1103872K
  class space    used 8225K, capacity 8961K, committed 9088K, reserved 1048576K
}
Event: 376.546 GC heap before
{Heap before GC invocations=19 (full 6):
 PSYoungGen      total 392704K, used 3853K [0x0000000780700000, 0x0000000799680000, 0x00000007c0000000)
  eden space 376320K, 0% used [0x0000000780700000,0x0000000780700000,0x0000000797680000)
  from space 16384K, 23% used [0x0000000797680000,0x0000000797a43748,0x0000000798680000)
  to   space 16384K, 0% used [0x0000000798680000,0x0000000798680000,0x0000000799680000)
 ParOldGen       total 164864K, used 19412K [0x0000000701400000, 0x000000070b500000, 0x0000000780700000)
  object space 164864K, 11% used [0x0000000701400000,0x00000007026f50f0,0x000000070b500000)
 Metaspace       used 59507K, capacity 63606K, committed 63872K, reserved 1103872K
  class space    used 8225K, capacity 8961K, committed 9088K, reserved 1048576K
Event: 376.799 GC heap after
Heap after GC invocations=19 (full 6):
 PSYoungGen      total 392704K, used 0K [0x0000000780700000, 0x0000000799680000, 0x00000007c0000000)
  eden space 376320K, 0% used [0x0000000780700000,0x0000000780700000,0x0000000797680000)
  from space 16384K, 0% used [0x0000000797680000,0x0000000797680000,0x0000000798680000)
  to   space 16384K, 0% used [0x0000000798680000,0x0000000798680000,0x0000000799680000)
 ParOldGen       total 164864K, used 19696K [0x0000000701400000, 0x000000070b500000, 0x0000000780700000)
  object space 164864K, 11% used [0x0000000701400000,0x000000070273c2c8,0x000000070b500000)
 Metaspace       used 59501K, capacity 63594K, committed 63872K, reserved 1103872K
  class space    used 8224K, capacity 8958K, committed 9088K, reserved 1048576K
}

